Build started 16.03.2019 11:50:24.
     1>Project "C:\Users\Андрей\Desktop\sell\backvnc\backvnc\zlib\zlib.vcxproj" on node 2 (Build target(s)).
     1>ClCompile:
         C:\Program Files\Microsoft Visual Studio 12.0\VC\bin\CL.exe /c /I../inc /nologo /W3 /WX- /O1 /Os /Oy- /D WIN32 /D NDEBUG /D _LIB /D _USING_V110_SDK71_ /Gm- /MT /GS- /fp:precise /Zc:wchar_t /Zc:forScope /Fo"C:\Users\Андрей\Desktop\sell\backvnc\backvnc\Release\Win32\zlib\\" /Fd"C:\Users\Андрей\Desktop\sell\backvnc\backvnc\Release\Win32\zlib\vc120.pdb" /Gd /TC /analyze- /errorReport:prompt adler32.c compress.c crc32.c deflate.c gzio.c infblock.c infcodes.c inffast.c inflate.c inftrees.c infutil.c trees.c uncompr.c zutil.c
         adler32.c
         compress.c
         crc32.c
         deflate.c
         gzio.c
         infblock.c
         infcodes.c
         inffast.c
         inflate.c
         inftrees.c
         infutil.c
         trees.c
         uncompr.c
         zutil.c
         Generating Code...
       Lib:
         C:\Program Files\Microsoft Visual Studio 12.0\VC\bin\Lib.exe /OUT:"C:\Users\Андрей\Desktop\sell\backvnc\backvnc\Release\Win32\zlib.lib" /NOLOGO /NODEFAULTLIB "C:\Users\Андрей\Desktop\sell\backvnc\backvnc\Release\Win32\zlib\adler32.obj"
         "C:\Users\Андрей\Desktop\sell\backvnc\backvnc\Release\Win32\zlib\compress.obj"
         "C:\Users\Андрей\Desktop\sell\backvnc\backvnc\Release\Win32\zlib\crc32.obj"
         "C:\Users\Андрей\Desktop\sell\backvnc\backvnc\Release\Win32\zlib\deflate.obj"
         "C:\Users\Андрей\Desktop\sell\backvnc\backvnc\Release\Win32\zlib\gzio.obj"
         "C:\Users\Андрей\Desktop\sell\backvnc\backvnc\Release\Win32\zlib\infblock.obj"
         "C:\Users\Андрей\Desktop\sell\backvnc\backvnc\Release\Win32\zlib\infcodes.obj"
         "C:\Users\Андрей\Desktop\sell\backvnc\backvnc\Release\Win32\zlib\inffast.obj"
         "C:\Users\Андрей\Desktop\sell\backvnc\backvnc\Release\Win32\zlib\inflate.obj"
         "C:\Users\Андрей\Desktop\sell\backvnc\backvnc\Release\Win32\zlib\inftrees.obj"
         "C:\Users\Андрей\Desktop\sell\backvnc\backvnc\Release\Win32\zlib\infutil.obj"
         "C:\Users\Андрей\Desktop\sell\backvnc\backvnc\Release\Win32\zlib\trees.obj"
         "C:\Users\Андрей\Desktop\sell\backvnc\backvnc\Release\Win32\zlib\uncompr.obj"
         "C:\Users\Андрей\Desktop\sell\backvnc\backvnc\Release\Win32\zlib\zutil.obj"
         zlib.vcxproj -> C:\Users\Андрей\Desktop\sell\backvnc\backvnc\Release\Win32\zlib.lib
     1>Done Building Project "C:\Users\Андрей\Desktop\sell\backvnc\backvnc\zlib\zlib.vcxproj" (Build target(s)).

Build succeeded.

Time Elapsed 00:00:05.96
